<?xml version="1.0" encoding="UTF-8"?>
<!-- Generated by org.testng.reporters.JUnitXMLReporter -->
<testsuite hostname="Y7000" name="Command line test" tests="12" failures="0" timestamp="14 Jun 2026 11:10:55 GMT" time="0.631" errors="0">
  <testcase name="testExecuteQueueExitsWhenNotRunning" time="0.096" classname="eu.lighthouselabs.obd.reader.io.ObdGatewayServiceTest"/>
  <testcase name="testQueueJobAcceptedWhenRunning" time="0.0" classname="eu.lighthouselabs.obd.reader.io.ObdGatewayServiceTest"/>
  <testcase name="testQueueJobRejectedWhenNotRunning" time="0.0" classname="eu.lighthouselabs.obd.reader.io.ObdGatewayServiceTest"/>
  <testcase name="testRepeatedStopIdempotent" time="0.0" classname="eu.lighthouselabs.obd.reader.io.ObdGatewayServiceTest"/>
  <testcase name="testRepeatedStopNeverStarted" time="0.0" classname="eu.lighthouselabs.obd.reader.io.ObdGatewayServiceTest"/>
  <testcase name="testRestartAfterStop" time="0.002" classname="eu.lighthouselabs.obd.reader.io.ObdGatewayServiceTest"/>
  <testcase name="testStopDuringQueueExecutionNoStaleCallback" time="0.517" classname="eu.lighthouselabs.obd.reader.io.ObdGatewayServiceTest"/>
  <testcase name="testStopWithEmptyQueue" time="0.0" classname="eu.lighthouselabs.obd.reader.io.ObdGatewayServiceTest"/>
  <testcase name="testStopWithNonEmptyQueue" time="0.001" classname="eu.lighthouselabs.obd.reader.io.ObdGatewayServiceTest"/>
  <testcase name="testStopWithNullSocket" time="0.0" classname="eu.lighthouselabs.obd.reader.io.ObdGatewayServiceTest"/>
  <testcase name="testStopWithNullSocketNeverStarted" time="0.0" classname="eu.lighthouselabs.obd.reader.io.ObdGatewayServiceTest"/>
  <testcase name="testStopWithNullSocketResourcesReleased" time="0.0" classname="eu.lighthouselabs.obd.reader.io.ObdGatewayServiceTest"/>
</testsuite>
