<?xml version="1.0" encoding="UTF-8"?>
<testng-results skipped="0" failed="0" total="12" passed="12">
  <reporter-output>
  </reporter-output>
  <suite name="Command line suite" duration-ms="631" started-at="2026-06-14T19:10:54Z" finished-at="2026-06-14T19:10:55Z">
    <groups>
    </groups>
    <test name="Command line test" duration-ms="631" started-at="2026-06-14T19:10:54Z" finished-at="2026-06-14T19:10:55Z">
      <class name="eu.lighthouselabs.obd.reader.io.ObdGatewayServiceTest">
        <test-method status="PASS" signature="setUp()[pri:0, instance:eu.lighthouselabs.obd.reader.io.ObdGatewayServiceTest@277c0f21]" name="setUp" is-config="true" duration-ms="4" started-at="2026-06-14T19:10:54Z" finished-at="2026-06-14T19:10:54Z">
        </test-method>
        <test-method status="PASS" signature="testExecuteQueueExitsWhenNotRunning()[pri:0, instance:eu.lighthouselabs.obd.reader.io.ObdGatewayServiceTest@277c0f21]" name="testExecuteQueueExitsWhenNotRunning" duration-ms="96" started-at="2026-06-14T19:10:54Z" finished-at="2026-06-14T19:10:54Z">
        </test-method>
        <test-method status="PASS" signature="setUp()[pri:0, instance:eu.lighthouselabs.obd.reader.io.ObdGatewayServiceTest@277c0f21]" name="setUp" is-config="true" duration-ms="1" started-at="2026-06-14T19:10:54Z" finished-at="2026-06-14T19:10:54Z">
        </test-method>
        <test-method status="PASS" signature="testQueueJobAcceptedWhenRunning()[pri:0, instance:eu.lighthouselabs.obd.reader.io.ObdGatewayServiceTest@277c0f21]" name="testQueueJobAcceptedWhenRunning" duration-ms="0" started-at="2026-06-14T19:10:54Z" finished-at="2026-06-14T19:10:54Z">
        </test-method>
        <test-method status="PASS" signature="setUp()[pri:0, instance:eu.lighthouselabs.obd.reader.io.ObdGatewayServiceTest@277c0f21]" name="setUp" is-config="true" duration-ms="0" started-at="2026-06-14T19:10:54Z" finished-at="2026-06-14T19:10:54Z">
        </test-method>
        <test-method status="PASS" signature="testRepeatedStopIdempotent()[pri:0, instance:eu.lighthouselabs.obd.reader.io.ObdGatewayServiceTest@277c0f21]" name="testRepeatedStopIdempotent" duration-ms="0" started-at="2026-06-14T19:10:54Z" finished-at="2026-06-14T19:10:54Z">
        </test-method>
        <test-method status="PASS" signature="setUp()[pri:0, instance:eu.lighthouselabs.obd.reader.io.ObdGatewayServiceTest@277c0f21]" name="setUp" is-config="true" duration-ms="0" started-at="2026-06-14T19:10:54Z" finished-at="2026-06-14T19:10:54Z">
        </test-method>
        <test-method status="PASS" signature="testQueueJobRejectedWhenNotRunning()[pri:0, instance:eu.lighthouselabs.obd.reader.io.ObdGatewayServiceTest@277c0f21]" name="testQueueJobRejectedWhenNotRunning" duration-ms="0" started-at="2026-06-14T19:10:54Z" finished-at="2026-06-14T19:10:54Z">
        </test-method>
        <test-method status="PASS" signature="testRestartAfterStop()[pri:0, instance:eu.lighthouselabs.obd.reader.io.ObdGatewayServiceTest@277c0f21]" name="testRestartAfterStop" duration-ms="2" started-at="2026-06-14T19:10:54Z" finished-at="2026-06-14T19:10:54Z">
        </test-method>
        <test-method status="PASS" signature="testRepeatedStopNeverStarted()[pri:0, instance:eu.lighthouselabs.obd.reader.io.ObdGatewayServiceTest@277c0f21]" name="testRepeatedStopNeverStarted" duration-ms="0" started-at="2026-06-14T19:10:54Z" finished-at="2026-06-14T19:10:54Z">
        </test-method>
        <test-method status="PASS" signature="setUp()[pri:0, instance:eu.lighthouselabs.obd.reader.io.ObdGatewayServiceTest@277c0f21]" name="setUp" is-config="true" duration-ms="0" started-at="2026-06-14T19:10:54Z" finished-at="2026-06-14T19:10:54Z">
        </test-method>
        <test-method status="PASS" signature="setUp()[pri:0, instance:eu.lighthouselabs.obd.reader.io.ObdGatewayServiceTest@277c0f21]" name="setUp" is-config="true" duration-ms="0" started-at="2026-06-14T19:10:54Z" finished-at="2026-06-14T19:10:54Z">
        </test-method>
        <test-method status="PASS" signature="testStopDuringQueueExecutionNoStaleCallback()[pri:0, instance:eu.lighthouselabs.obd.reader.io.ObdGatewayServiceTest@277c0f21]" name="testStopDuringQueueExecutionNoStaleCallback" duration-ms="517" started-at="2026-06-14T19:10:54Z" finished-at="2026-06-14T19:10:55Z">
        </test-method>
        <test-method status="PASS" signature="setUp()[pri:0, instance:eu.lighthouselabs.obd.reader.io.ObdGatewayServiceTest@277c0f21]" name="setUp" is-config="true" duration-ms="0" started-at="2026-06-14T19:10:54Z" finished-at="2026-06-14T19:10:54Z">
        </test-method>
        <test-method status="PASS" signature="setUp()[pri:0, instance:eu.lighthouselabs.obd.reader.io.ObdGatewayServiceTest@277c0f21]" name="setUp" is-config="true" duration-ms="0" started-at="2026-06-14T19:10:55Z" finished-at="2026-06-14T19:10:55Z">
        </test-method>
        <test-method status="PASS" signature="setUp()[pri:0, instance:eu.lighthouselabs.obd.reader.io.ObdGatewayServiceTest@277c0f21]" name="setUp" is-config="true" duration-ms="0" started-at="2026-06-14T19:10:55Z" finished-at="2026-06-14T19:10:55Z">
        </test-method>
        <test-method status="PASS" signature="testStopWithNonEmptyQueue()[pri:0, instance:eu.lighthouselabs.obd.reader.io.ObdGatewayServiceTest@277c0f21]" name="testStopWithNonEmptyQueue" duration-ms="1" started-at="2026-06-14T19:10:55Z" finished-at="2026-06-14T19:10:55Z">
        </test-method>
        <test-method status="PASS" signature="testStopWithEmptyQueue()[pri:0, instance:eu.lighthouselabs.obd.reader.io.ObdGatewayServiceTest@277c0f21]" name="testStopWithEmptyQueue" duration-ms="0" started-at="2026-06-14T19:10:55Z" finished-at="2026-06-14T19:10:55Z">
        </test-method>
        <test-method status="PASS" signature="testStopWithNullSocket()[pri:0, instance:eu.lighthouselabs.obd.reader.io.ObdGatewayServiceTest@277c0f21]" name="testStopWithNullSocket" duration-ms="0" started-at="2026-06-14T19:10:55Z" finished-at="2026-06-14T19:10:55Z">
        </test-method>
        <test-method status="PASS" signature="setUp()[pri:0, instance:eu.lighthouselabs.obd.reader.io.ObdGatewayServiceTest@277c0f21]" name="setUp" is-config="true" duration-ms="0" started-at="2026-06-14T19:10:55Z" finished-at="2026-06-14T19:10:55Z">
        </test-method>
        <test-method status="PASS" signature="setUp()[pri:0, instance:eu.lighthouselabs.obd.reader.io.ObdGatewayServiceTest@277c0f21]" name="setUp" is-config="true" duration-ms="0" started-at="2026-06-14T19:10:55Z" finished-at="2026-06-14T19:10:55Z">
        </test-method>
        <test-method status="PASS" signature="testStopWithNullSocketResourcesReleased()[pri:0, instance:eu.lighthouselabs.obd.reader.io.ObdGatewayServiceTest@277c0f21]" name="testStopWithNullSocketResourcesReleased" duration-ms="0" started-at="2026-06-14T19:10:55Z" finished-at="2026-06-14T19:10:55Z">
        </test-method>
        <test-method status="PASS" signature="setUp()[pri:0, instance:eu.lighthouselabs.obd.reader.io.ObdGatewayServiceTest@277c0f21]" name="setUp" is-config="true" duration-ms="0" started-at="2026-06-14T19:10:55Z" finished-at="2026-06-14T19:10:55Z">
        </test-method>
        <test-method status="PASS" signature="testStopWithNullSocketNeverStarted()[pri:0, instance:eu.lighthouselabs.obd.reader.io.ObdGatewayServiceTest@277c0f21]" name="testStopWithNullSocketNeverStarted" duration-ms="0" started-at="2026-06-14T19:10:55Z" finished-at="2026-06-14T19:10:55Z">
        </test-method>
      </class>
    </test>
  </suite>
</testng-results>
